<?xml version="1.0" encoding="UTF-8"?>
<!-- Generated by org.testng.reporters.JUnitXMLReporter -->
<testsuite hostname="dancobygro0020" name="TestDB" tests="1" failures="1" timestamp="18 Jan 2016 14:27:19 GMT" time="16.198" errors="0">
  <testcase name="testUntitled" time="3.923" classname="db.tests.IsSessionClosed">
    <failure type="java.lang.AssertionError" message="AAAAAAA!!! expected [true] but found [false]">
      <![CDATA[java.lang.AssertionError: AAAAAAA!!! expected [true] but found [false]
	at db.tests.IsSessionClosed.testUntitled(IsSessionClosed.java:19)
... Removed 27 stack frames]]>
    </failure>
  </testcase> <!-- testUntitled -->
</testsuite> <!-- TestDB -->
