<?xml version="1.0" encoding="UTF-8"?>
<!-- Generated by org.testng.reporters.JUnitXMLReporter -->
<testsuite hostname="AdminPC" name="TestDB" tests="1" failures="1" timestamp="17 Jan 2016 19:54:05 GMT" time="24.189" errors="0">
  <testcase name="testUntitled" time="18.248" classname="db.tests.TestDB">
    <failure type="java.lang.AssertionError">
      <![CDATA[java.lang.AssertionError
	at db.tests.TestDB.testUntitled(TestDB.java:26)
... Removed 24 stack frames]]>
    </failure>
  </testcase> <!-- testUntitled -->
</testsuite> <!-- TestDB -->
