<?xml version="1.0" encoding="UTF-8"?>
<!-- Generated by org.testng.reporters.JUnitXMLReporter -->
<testsuite hostname="dancobygro0020" name="22_0444O" tests="1" failures="0" timestamp="22 Jan 2016 12:12:41 GMT" time="0.003" errors="0">
  <testcase name="@BeforeTest init" time="0.0" classname="db.tests.OpenSession">
    <skipped/>
  </testcase> <!-- @BeforeTest init -->
  <testcase name="@AfterTest stop" time="0.0" classname="db.tests.OpenSession">
    <skipped/>
  </testcase> <!-- @AfterTest stop -->
  <testcase name="testUntitled" time="0.001" classname="db.tests.OpenSession">
    <skipped/>
  </testcase> <!-- testUntitled -->
</testsuite> <!-- 22_0444O -->
