<?xml version="1.0" encoding="UTF-8"?>
<!-- Generated by org.testng.reporters.JUnitXMLReporter -->
<testsuite hostname="AdminPC" name="22_0444O" tests="1" failures="1" timestamp="21 Jan 2016 17:45:40 GMT" time="4.244" errors="0">
  <testcase name="testUntitled" time="2.964" classname="db.tests.OpenSession">
    <failure type="java.lang.NumberFormatException" message="For input string: &amp;quot;22_0444&amp;quot;">
      <![CDATA[java.lang.NumberFormatException: For input string: "22_0444"
	at java.lang.NumberFormatException.forInputString(NumberFormatException.java:65)
	at java.lang.Integer.parseInt(Integer.java:492)
	at java.lang.Integer.parseInt(Integer.java:527)
	at db.tests.OpenSession.testUntitled(OpenSession.java:30)
... Removed 24 stack frames]]>
    </failure>
  </testcase> <!-- testUntitled -->
</testsuite> <!-- 22_0444O -->
