<?xml version="1.0" encoding="UTF-8"?>
<!-- Generated by org.testng.reporters.JUnitXMLReporter -->
<testsuite hostname="dancobygro0020" name="22_0444" tests="4" failures="2" timestamp="19 Jan 2016 10:42:45 GMT" time="2.656" errors="0">
  <testcase name="testUntitled" time="1.817" classname="db.tests.CheckLastSession"/>
  <testcase name="testUntitled" time="0.001" classname="db.tests.OpenSession">
    <failure type="java.lang.NullPointerException">
      <![CDATA[java.lang.NullPointerException
	at db.tests.OpenSession.testUntitled(OpenSession.java:23)
... Removed 24 stack frames]]>
    </failure>
  </testcase> <!-- testUntitled -->
  <testcase name="testUntitled" time="0.824" classname="db.tests.CloseSession"/>
  <testcase name="testUntitled" time="0.0" classname="db.tests.IsSessionClosed">
    <failure type="java.lang.NullPointerException">
      <![CDATA[java.lang.NullPointerException
	at db.tests.IsSessionClosed.testUntitled(IsSessionClosed.java:18)
... Removed 24 stack frames]]>
    </failure>
  </testcase> <!-- testUntitled -->
</testsuite> <!-- 22_0444 -->
