<?xml version="1.0" encoding="UTF-8"?>
<!-- Generated by org.testng.reporters.JUnitXMLReporter -->
<testsuite hostname="AdminPC" name="OpenWeb" tests="3" failures="0" timestamp="4 Apr 2016 19:49:37 GMT" time="47.911" errors="0">
  <testcase name="openWeb" time="20.216" classname="db.tests.allWeb.OpenAllWeb"/>
  <testcase name="openContainerPage" time="15.699" classname="db.tests.allWeb.OpenContainerPage"/>
  <testcase name="openContainerPage" time="11.966" classname="db.tests.PRICE.ContainerOperationLoadingExecuition"/>
</testsuite> <!-- OpenWeb -->
