<?xml version="1.0" encoding="UTF-8"?>
<!-- Generated by org.testng.reporters.JUnitXMLReporter -->
<testsuite hostname="AdminPC" name="OpenWeb" tests="3" failures="0" timestamp="11 Apr 2016 19:35:22 GMT" time="52.872" errors="0">
  <testcase name="openWeb" time="22.537" classname="db.tests.allWeb.OpenAllWeb"/>
  <testcase name="openContainerPage" time="16.049" classname="db.tests.allWeb.OpenContainerPage"/>
  <testcase name="openContainerPage" time="14.261" classname="db.tests.PRICE.ContainerOperationLoadingExecuition"/>
</testsuite> <!-- OpenWeb -->
