<?xml version="1.0" encoding="UTF-8"?>
<!-- Generated by org.testng.reporters.JUnitXMLReporter -->
<testsuite hostname="dancobygro0020" name="Test001" tests="3" failures="0" timestamp="24 Jun 2016 15:10:49 GMT" time="32.651" errors="0">
  <testcase name="aReadFilesId" time="5.603" classname="db.tests.PRICE.IncomingValidation"/>
  <testcase name="bCompareRecorsCount" time="1.469" classname="db.tests.PRICE.IncomingValidation"/>
  <testcase name="cCheckTotalsCalculation" time="25.558" classname="db.tests.PRICE.IncomingValidation"/>
</testsuite> <!-- Test001 -->
