<?xml version="1.0" encoding="UTF-8"?>
<!-- Generated by org.testng.reporters.JUnitXMLReporter -->
<testsuite hostname="dancobygro0020" name="Test001" tests="3" failures="0" timestamp="18 Apr 2016 13:26:40 GMT" time="55.654" errors="0">
  <testcase name="openWeb" time="27.239" classname="db.tests.allWeb.OpenAllWeb"/>
  <testcase name="aOpenContainerPage" time="22.986" classname="db.tests.PRICE.IOOperationsPrice"/>
  <testcase name="bCheckAndCompareAmountMessages" time="5.416" classname="db.tests.PRICE.IOOperationsPrice"/>
</testsuite> <!-- Test001 -->
