<?xml version="1.0" encoding="UTF-8"?>
<testng-results skipped="0" failed="0" total="1" passed="1">
  <reporter-output>
  </reporter-output>
  <suite name="Suite1" duration-ms="15032" started-at="2016-01-13T15:55:18Z" finished-at="2016-01-13T15:55:33Z">
    <groups>
    </groups>
    <test name="Test000_Login" duration-ms="15032" started-at="2016-01-13T15:55:18Z" finished-at="2016-01-13T15:55:33Z">
      <class name="db.tests.TestDB">
        <test-method status="PASS" signature="init()[pri:0, instance:db.tests.TestDB@d5fcfe]" name="init" is-config="true" duration-ms="10781" started-at="2016-01-13T18:55:18Z" finished-at="2016-01-13T18:55:29Z">
          <reporter-output>
          </reporter-output>
        </test-method> <!-- init -->
        <test-method status="PASS" signature="testUntitled()[pri:0, instance:db.tests.TestDB@d5fcfe]" name="testUntitled" duration-ms="4246" started-at="2016-01-13T18:55:29Z" finished-at="2016-01-13T18:55:33Z">
          <reporter-output>
          </reporter-output>
        </test-method> <!-- testUntitled -->
        <test-method status="PASS" signature="stop()[pri:0, instance:db.tests.TestDB@d5fcfe]" name="stop" is-config="true" duration-ms="2367" started-at="2016-01-13T18:55:33Z" finished-at="2016-01-13T18:55:36Z">
          <reporter-output>
          </reporter-output>
        </test-method> <!-- stop -->
      </class> <!-- db.tests.TestDB -->
    </test> <!-- Test000_Login -->
  </suite> <!-- Suite1 -->
</testng-results>
