<?xml version="1.0" encoding="UTF-8"?>
<testng-results skipped="0" failed="0" total="2" passed="2">
  <reporter-output>
  </reporter-output>
  <suite name="Suite1" duration-ms="44007" started-at="2016-03-14T14:22:19Z" finished-at="2016-03-14T14:23:03Z">
    <groups>
    </groups>
    <test name="OpenWeb" duration-ms="44007" started-at="2016-03-14T14:22:19Z" finished-at="2016-03-14T14:23:03Z">
      <class name="db.tests.allWeb.OpenContainerPage">
        <test-method status="PASS" signature="openContainerPage()[pri:0, instance:db.tests.allWeb.OpenContainerPage@13a57a3b]" name="openContainerPage" duration-ms="26463" started-at="2016-03-14T17:22:37Z" finished-at="2016-03-14T17:23:03Z">
          <reporter-output>
          </reporter-output>
        </test-method> <!-- openContainerPage -->
      </class> <!-- db.tests.allWeb.OpenContainerPage -->
      <class name="db.tests.allWeb.OpenAllWeb">
        <test-method status="PASS" signature="openWeb()[pri:0, instance:db.tests.allWeb.OpenAllWeb@153f5a29]" name="openWeb" duration-ms="17524" started-at="2016-03-14T17:22:19Z" finished-at="2016-03-14T17:22:37Z">
          <reporter-output>
          </reporter-output>
        </test-method> <!-- openWeb -->
      </class> <!-- db.tests.allWeb.OpenAllWeb -->
    </test> <!-- OpenWeb -->
  </suite> <!-- Suite1 -->
</testng-results>
