<?xml version="1.0" encoding="UTF-8"?>
<testng-results skipped="0" failed="0" total="1" passed="1">
  <reporter-output>
  </reporter-output>
  <suite name="Suite1" duration-ms="3237" started-at="2016-04-11T21:06:41Z" finished-at="2016-04-11T21:06:44Z">
    <groups>
    </groups>
    <test name="Test001" duration-ms="3237" started-at="2016-04-11T21:06:41Z" finished-at="2016-04-11T21:06:44Z">
      <class name="db.tests.PRICE.CheckRecordsAmount">
        <test-method status="PASS" signature="checkRecordsAmount()[pri:0, instance:db.tests.PRICE.CheckRecordsAmount@9d9c55]" name="checkRecordsAmount" duration-ms="3218" started-at="2016-04-12T00:06:41Z" finished-at="2016-04-12T00:06:44Z">
          <reporter-output>
          </reporter-output>
        </test-method> <!-- checkRecordsAmount -->
      </class> <!-- db.tests.PRICE.CheckRecordsAmount -->
    </test> <!-- Test001 -->
  </suite> <!-- Suite1 -->
</testng-results>
