<?xml version="1.0" encoding="UTF-8"?>
<testng-results skipped="0" failed="0" total="3" passed="3">
  <reporter-output>
  </reporter-output>
  <suite name="Suite1" duration-ms="2117" started-at="2016-01-19T14:23:47Z" finished-at="2016-01-19T14:23:49Z">
    <groups>
    </groups>
    <test name="Test001" duration-ms="2117" started-at="2016-01-19T14:23:47Z" finished-at="2016-01-19T14:23:49Z">
      <class name="db.tests.Test1">
        <test-method status="PASS" signature="testUntitled()[pri:0, instance:db.tests.Test1@5056dfcb]" name="testUntitled" duration-ms="0" started-at="2016-01-19T17:23:49Z" finished-at="2016-01-19T17:23:49Z">
          <reporter-output>
          </reporter-output>
        </test-method> <!-- testUntitled -->
      </class> <!-- db.tests.Test1 -->
      <class name="db.tests.Test2">
        <test-method status="PASS" signature="testUntitled()[pri:0, instance:db.tests.Test2@6574b225]" name="testUntitled" duration-ms="0" started-at="2016-01-19T17:23:49Z" finished-at="2016-01-19T17:23:49Z">
          <reporter-output>
          </reporter-output>
        </test-method> <!-- testUntitled -->
      </class> <!-- db.tests.Test2 -->
      <class name="db.tests.Test3">
        <test-method status="PASS" signature="login()[pri:0, instance:db.tests.Test3@32e6e9c3]" name="login" is-config="true" duration-ms="11429" started-at="2016-01-19T17:23:35Z" finished-at="2016-01-19T17:23:47Z">
          <reporter-output>
          </reporter-output>
        </test-method> <!-- login -->
        <test-method status="PASS" signature="init()[pri:0, instance:db.tests.Test3@32e6e9c3]" name="init" is-config="true" duration-ms="2101" started-at="2016-01-19T17:23:47Z" finished-at="2016-01-19T17:23:49Z">
          <reporter-output>
          </reporter-output>
        </test-method> <!-- init -->
        <test-method status="PASS" signature="testUntitled()[pri:0, instance:db.tests.Test3@32e6e9c3]" name="testUntitled" duration-ms="3" started-at="2016-01-19T17:23:49Z" finished-at="2016-01-19T17:23:49Z">
          <reporter-output>
          </reporter-output>
        </test-method> <!-- testUntitled -->
        <test-method status="PASS" signature="stop()[pri:0, instance:db.tests.Test3@32e6e9c3]" name="stop" is-config="true" duration-ms="0" started-at="2016-01-19T17:23:49Z" finished-at="2016-01-19T17:23:49Z">
          <reporter-output>
          </reporter-output>
        </test-method> <!-- stop -->
        <test-method status="PASS" signature="logout()[pri:0, instance:db.tests.Test3@32e6e9c3]" name="logout" is-config="true" duration-ms="2270" started-at="2016-01-19T17:23:49Z" finished-at="2016-01-19T17:23:51Z">
          <reporter-output>
          </reporter-output>
        </test-method> <!-- logout -->
      </class> <!-- db.tests.Test3 -->
    </test> <!-- Test001 -->
  </suite> <!-- Suite1 -->
</testng-results>
