<?xml version="1.0" encoding="UTF-8"?>
<testng-results skipped="3" failed="0" total="3" passed="0">
  <reporter-output>
  </reporter-output>
  <suite name="Suite1" duration-ms="56" started-at="2016-01-22T12:12:40Z" finished-at="2016-01-22T12:12:41Z">
    <groups>
    </groups>
    <test name="22_0444C" duration-ms="33" started-at="2016-01-22T12:12:40Z" finished-at="2016-01-22T12:12:40Z">
      <class name="db.tests.CheckLastSession">
        <test-method status="SKIP" signature="init()[pri:0, instance:db.tests.CheckLastSession@3c09711b]" name="init" is-config="true" duration-ms="0" started-at="2016-01-22T15:12:40Z" finished-at="2016-01-22T15:12:40Z">
          <reporter-output>
          </reporter-output>
        </test-method> <!-- init -->
        <test-method status="SKIP" signature="testUntitled()[pri:0, instance:db.tests.CheckLastSession@3c09711b]" name="testUntitled" duration-ms="0" started-at="2016-01-22T15:12:40Z" finished-at="2016-01-22T15:12:40Z">
          <reporter-output>
          </reporter-output>
        </test-method> <!-- testUntitled -->
        <test-method status="SKIP" signature="stop()[pri:0, instance:db.tests.CheckLastSession@3c09711b]" name="stop" is-config="true" duration-ms="0" started-at="2016-01-22T15:12:40Z" finished-at="2016-01-22T15:12:40Z">
          <reporter-output>
          </reporter-output>
        </test-method> <!-- stop -->
      </class> <!-- db.tests.CheckLastSession -->
    </test> <!-- 22_0444C -->
    <test name="22_0444O" duration-ms="3" started-at="2016-01-22T12:12:41Z" finished-at="2016-01-22T12:12:41Z">
      <class name="db.tests.OpenSession">
        <test-method status="SKIP" signature="init()[pri:0, instance:db.tests.OpenSession@1d572e62]" name="init" is-config="true" duration-ms="0" started-at="2016-01-22T15:12:41Z" finished-at="2016-01-22T15:12:41Z">
          <reporter-output>
          </reporter-output>
        </test-method> <!-- init -->
        <test-method status="SKIP" signature="testUntitled()[pri:0, instance:db.tests.OpenSession@1d572e62]" name="testUntitled" duration-ms="1" started-at="2016-01-22T15:12:41Z" finished-at="2016-01-22T15:12:41Z">
          <reporter-output>
          </reporter-output>
        </test-method> <!-- testUntitled -->
        <test-method status="SKIP" signature="stop()[pri:0, instance:db.tests.OpenSession@1d572e62]" name="stop" is-config="true" duration-ms="0" started-at="2016-01-22T15:12:41Z" finished-at="2016-01-22T15:12:41Z">
          <reporter-output>
          </reporter-output>
        </test-method> <!-- stop -->
      </class> <!-- db.tests.OpenSession -->
    </test> <!-- 22_0444O -->
    <test name="22_0444Cl" duration-ms="5" started-at="2016-01-22T12:12:41Z" finished-at="2016-01-22T12:12:41Z">
      <class name="db.tests.CloseSession">
        <test-method status="FAIL" signature="login()[pri:0, instance:db.tests.CloseSession@14a049f9]" name="login" is-config="true" duration-ms="0" started-at="2016-01-22T15:12:23Z" finished-at="2016-01-22T15:12:23Z">
          <exception class="org.openqa.selenium.TimeoutException">
            <message>
              <![CDATA[Timed out after 10 seconds waiting for presence of element located by: By.id: loginPanel
Build info: version: '2.47.1', revision: 'unknown', time: '2015-07-30 11:02:44'
System info: host: 'dancobygro0020', ip: '192.168.1.149', os.name: 'Windows 8.1', os.arch: 'amd64', os.version: '6.3', java.version: '1.8.0_45'
Driver info: org.openqa.selenium.chrome.ChromeDriver
Capabilities [{applicationCacheEnabled=false, rotatable=false, mobileEmulationEnabled=false, chrome={userDataDir=C:\Users\DZIANI~1\AppData\Local\Temp\scoped_dir10972_7789}, takesHeapSnapshot=true, databaseEnabled=false, handlesAlerts=true, hasTouchScreen=false, version=47.0.2526.111, platform=WIN8_1, browserConnectionEnabled=false, nativeEvents=true, acceptSslCerts=true, locationContextEnabled=true, webStorageEnabled=true, browserName=chrome, takesScreenshot=true, javascriptEnabled=true, cssSelectorsEnabled=true}]
Session ID: 3a05307a1fcc91f3e188a23057de4f9b]]>
            </message>
            <full-stacktrace>
              <![CDATA[org.openqa.selenium.TimeoutException: Timed out after 10 seconds waiting for presence of element located by: By.id: loginPanel
Build info: version: '2.47.1', revision: 'unknown', time: '2015-07-30 11:02:44'
System info: host: 'dancobygro0020', ip: '192.168.1.149', os.name: 'Windows 8.1', os.arch: 'amd64', os.version: '6.3', java.version: '1.8.0_45'
Driver info: org.openqa.selenium.chrome.ChromeDriver
Capabilities [{applicationCacheEnabled=false, rotatable=false, mobileEmulationEnabled=false, chrome={userDataDir=C:\Users\DZIANI~1\AppData\Local\Temp\scoped_dir10972_7789}, takesHeapSnapshot=true, databaseEnabled=false, handlesAlerts=true, hasTouchScreen=false, version=47.0.2526.111, platform=WIN8_1, browserConnectionEnabled=false, nativeEvents=true, acceptSslCerts=true, locationContextEnabled=true, webStorageEnabled=true, browserName=chrome, takesScreenshot=true, javascriptEnabled=true, cssSelectorsEnabled=true}]
Session ID: 3a05307a1fcc91f3e188a23057de4f9b
	at org.openqa.selenium.support.ui.WebDriverWait.timeoutException(WebDriverWait.java:80)
	at org.openqa.selenium.support.ui.FluentWait.until(FluentWait.java:229)
	at com.danco.bpc.pagesRecon.LoginPage.ensurePageLoaded(LoginPage.java:40)
	at com.danco.bpc.applogicRecon.UserHelper2.loginAs(UserHelper2.java:15)
	at pages.TestBase.login(TestBase.java:22)
	at sun.reflect.NativeMethodAccessorImpl.invoke0(Native Method)
	at sun.reflect.NativeMethodAccessorImpl.invoke(NativeMethodAccessorImpl.java:62)
	at sun.reflect.DelegatingMethodAccessorImpl.invoke(DelegatingMethodAccessorImpl.java:43)
	at java.lang.reflect.Method.invoke(Method.java:497)
	at org.testng.internal.MethodInvocationHelper.invokeMethod(MethodInvocationHelper.java:86)
	at org.testng.internal.Invoker.invokeConfigurationMethod(Invoker.java:514)
	at org.testng.internal.Invoker.invokeConfigurations(Invoker.java:215)
	at org.testng.internal.Invoker.invokeConfigurations(Invoker.java:142)
	at org.testng.SuiteRunner.privateRun(SuiteRunner.java:305)
	at org.testng.SuiteRunner.run(SuiteRunner.java:268)
	at org.testng.SuiteRunnerWorker.runSuite(SuiteRunnerWorker.java:52)
	at org.testng.SuiteRunnerWorker.run(SuiteRunnerWorker.java:86)
	at org.testng.TestNG.runSuitesSequentially(TestNG.java:1244)
	at org.testng.TestNG.runSuitesLocally(TestNG.java:1169)
	at org.testng.TestNG.run(TestNG.java:1064)
	at org.testng.remote.RemoteTestNG.run(RemoteTestNG.java:113)
	at org.testng.remote.RemoteTestNG.initAndRun(RemoteTestNG.java:206)
	at org.testng.remote.RemoteTestNG.main(RemoteTestNG.java:177)
Caused by: org.openqa.selenium.NoSuchElementException: no such element: Unable to locate element: {"method":"id","selector":"loginPanel"}
  (Session info: chrome=47.0.2526.111)
  (Driver info: chromedriver=2.20.353145 (343b531d31eeb933ec778dbcf7081628a1396067),platform=Windows NT 6.3 x86_64) (WARNING: The server did not provide any stacktrace information)
Command duration or timeout: 26 milliseconds
For documentation on this error, please visit: http://seleniumhq.org/exceptions/no_such_element.html
Build info: version: '2.47.1', revision: 'unknown', time: '2015-07-30 11:02:44'
System info: host: 'dancobygro0020', ip: '192.168.1.149', os.name: 'Windows 8.1', os.arch: 'amd64', os.version: '6.3', java.version: '1.8.0_45'
Driver info: org.openqa.selenium.chrome.ChromeDriver
Capabilities [{applicationCacheEnabled=false, rotatable=false, mobileEmulationEnabled=false, chrome={userDataDir=C:\Users\DZIANI~1\AppData\Local\Temp\scoped_dir10972_7789}, takesHeapSnapshot=true, databaseEnabled=false, handlesAlerts=true, hasTouchScreen=false, version=47.0.2526.111, platform=WIN8_1, browserConnectionEnabled=false, nativeEvents=true, acceptSslCerts=true, locationContextEnabled=true, webStorageEnabled=true, browserName=chrome, takesScreenshot=true, javascriptEnabled=true, cssSelectorsEnabled=true}]
Session ID: 3a05307a1fcc91f3e188a23057de4f9b
*** Element info: {Using=id, value=loginPanel}
	at sun.reflect.GeneratedConstructorAccessor16.newInstance(Unknown Source)
	at sun.reflect.DelegatingConstructorAccessorImpl.newInstance(DelegatingConstructorAccessorImpl.java:45)
	at java.lang.reflect.Constructor.newInstance(Constructor.java:422)
	at org.openqa.selenium.remote.ErrorHandler.createThrowable(ErrorHandler.java:206)
	at org.openqa.selenium.remote.ErrorHandler.throwIfResponseFailed(ErrorHandler.java:158)
	at org.openqa.selenium.remote.RemoteWebDriver.execute(RemoteWebDriver.java:595)
	at org.openqa.selenium.remote.RemoteWebDriver.findElement(RemoteWebDriver.java:348)
	at org.openqa.selenium.remote.RemoteWebDriver.findElementById(RemoteWebDriver.java:389)
	at org.openqa.selenium.By$ById.findElement(By.java:215)
	at org.openqa.selenium.remote.RemoteWebDriver.findElement(RemoteWebDriver.java:340)
	at org.openqa.selenium.support.ui.ExpectedConditions.findElement(ExpectedConditions.java:861)
	at org.openqa.selenium.support.ui.ExpectedConditions.access$000(ExpectedConditions.java:41)
	at org.openqa.selenium.support.ui.ExpectedConditions$6.apply(ExpectedConditions.java:181)
	at org.openqa.selenium.support.ui.ExpectedConditions$6.apply(ExpectedConditions.java:178)
	at org.openqa.selenium.support.ui.FluentWait.until(FluentWait.java:209)
	... 21 more
]]>
            </full-stacktrace>
          </exception> <!-- org.openqa.selenium.TimeoutException -->
          <reporter-output>
          </reporter-output>
        </test-method> <!-- login -->
        <test-method status="SKIP" signature="init()[pri:0, instance:db.tests.CloseSession@14a049f9]" name="init" is-config="true" duration-ms="0" started-at="2016-01-22T15:12:41Z" finished-at="2016-01-22T15:12:41Z">
          <reporter-output>
          </reporter-output>
        </test-method> <!-- init -->
        <test-method status="SKIP" signature="testUntitled()[pri:0, instance:db.tests.CloseSession@14a049f9]" name="testUntitled" duration-ms="1" started-at="2016-01-22T15:12:41Z" finished-at="2016-01-22T15:12:41Z">
          <reporter-output>
          </reporter-output>
        </test-method> <!-- testUntitled -->
        <test-method status="SKIP" signature="stop()[pri:0, instance:db.tests.CloseSession@14a049f9]" name="stop" is-config="true" duration-ms="0" started-at="2016-01-22T15:12:41Z" finished-at="2016-01-22T15:12:41Z">
          <reporter-output>
          </reporter-output>
        </test-method> <!-- stop -->
        <test-method status="SKIP" signature="logout()[pri:0, instance:db.tests.CloseSession@14a049f9]" name="logout" is-config="true" duration-ms="0" started-at="2016-01-22T15:12:41Z" finished-at="2016-01-22T15:12:41Z">
          <reporter-output>
          </reporter-output>
        </test-method> <!-- logout -->
      </class> <!-- db.tests.CloseSession -->
    </test> <!-- 22_0444Cl -->
  </suite> <!-- Suite1 -->
</testng-results>
