<?xml version="1.0" encoding="UTF-8"?>
<testng-results skipped="0" failed="0" total="1" passed="1">
  <reporter-output>
  </reporter-output>
  <suite name="Suite1" duration-ms="14795" started-at="2016-06-07T08:55:48Z" finished-at="2016-06-07T08:56:03Z">
    <groups>
    </groups>
    <test name="OpenWeb" duration-ms="14795" started-at="2016-06-07T08:55:48Z" finished-at="2016-06-07T08:56:03Z">
      <class name="db.tests.allWeb.AOpenAllWeb">
        <test-method status="PASS" signature="openWeb()[pri:0, instance:db.tests.allWeb.AOpenAllWeb@39fb3ab6]" name="openWeb" duration-ms="14772" started-at="2016-06-07T11:55:48Z" finished-at="2016-06-07T11:56:03Z">
          <reporter-output>
          </reporter-output>
        </test-method> <!-- openWeb -->
      </class> <!-- db.tests.allWeb.AOpenAllWeb -->
    </test> <!-- OpenWeb -->
  </suite> <!-- Suite1 -->
</testng-results>
