<?xml version="1.0" encoding="UTF-8"?>
<testng-results skipped="0" failed="0" total="3" passed="3">
  <reporter-output>
  </reporter-output>
  <suite name="Suite1" duration-ms="47911" started-at="2016-04-04T19:48:49Z" finished-at="2016-04-04T19:49:37Z">
    <groups>
    </groups>
    <test name="OpenWeb" duration-ms="47911" started-at="2016-04-04T19:48:49Z" finished-at="2016-04-04T19:49:37Z">
      <class name="db.tests.allWeb.OpenContainerPage">
        <test-method status="PASS" signature="openContainerPage()[pri:0, instance:db.tests.allWeb.OpenContainerPage@17d0578]" name="openContainerPage" duration-ms="15699" started-at="2016-04-04T22:49:09Z" finished-at="2016-04-04T22:49:25Z">
          <reporter-output>
          </reporter-output>
        </test-method> <!-- openContainerPage -->
      </class> <!-- db.tests.allWeb.OpenContainerPage -->
      <class name="db.tests.allWeb.OpenAllWeb">
        <test-method status="PASS" signature="openWeb()[pri:0, instance:db.tests.allWeb.OpenAllWeb@9d9c55]" name="openWeb" duration-ms="20216" started-at="2016-04-04T22:48:49Z" finished-at="2016-04-04T22:49:09Z">
          <reporter-output>
          </reporter-output>
        </test-method> <!-- openWeb -->
      </class> <!-- db.tests.allWeb.OpenAllWeb -->
      <class name="db.tests.PRICE.ContainerOperationLoadingExecuition">
        <test-method status="PASS" signature="openContainerPage()[pri:0, instance:db.tests.PRICE.ContainerOperationLoadingExecuition@1e84876]" name="openContainerPage" duration-ms="11966" started-at="2016-04-04T22:49:25Z" finished-at="2016-04-04T22:49:37Z">
          <reporter-output>
          </reporter-output>
        </test-method> <!-- openContainerPage -->
      </class> <!-- db.tests.PRICE.ContainerOperationLoadingExecuition -->
    </test> <!-- OpenWeb -->
  </suite> <!-- Suite1 -->
</testng-results>
