<?xml version="1.0" encoding="UTF-8"?>
<testng-results skipped="0" failed="0" total="1" passed="1">
  <reporter-output>
  </reporter-output>
  <suite name="Suite1" duration-ms="4162" started-at="2016-01-21T10:01:29Z" finished-at="2016-01-21T10:01:33Z">
    <groups>
    </groups>
    <test name="Test001" duration-ms="4162" started-at="2016-01-21T10:01:29Z" finished-at="2016-01-21T10:01:33Z">
      <class name="db.tests.IsSessionClosed">
        <test-method status="PASS" signature="login()[pri:0, instance:db.tests.IsSessionClosed@5cc7c2a6]" name="login" is-config="true" duration-ms="20245" started-at="2016-01-21T13:01:09Z" finished-at="2016-01-21T13:01:29Z">
          <reporter-output>
          </reporter-output>
        </test-method> <!-- login -->
        <test-method status="PASS" signature="init()[pri:0, instance:db.tests.IsSessionClosed@5cc7c2a6]" name="init" is-config="true" duration-ms="1259" started-at="2016-01-21T13:01:29Z" finished-at="2016-01-21T13:01:30Z">
          <reporter-output>
          </reporter-output>
        </test-method> <!-- init -->
        <test-method status="PASS" signature="testUntitled()[pri:0, instance:db.tests.IsSessionClosed@5cc7c2a6]" name="testUntitled" duration-ms="2894" started-at="2016-01-21T13:01:30Z" finished-at="2016-01-21T13:01:33Z">
          <reporter-output>
          </reporter-output>
        </test-method> <!-- testUntitled -->
        <test-method status="PASS" signature="stop()[pri:0, instance:db.tests.IsSessionClosed@5cc7c2a6]" name="stop" is-config="true" duration-ms="0" started-at="2016-01-21T13:01:33Z" finished-at="2016-01-21T13:01:33Z">
          <reporter-output>
          </reporter-output>
        </test-method> <!-- stop -->
        <test-method status="PASS" signature="logout()[pri:0, instance:db.tests.IsSessionClosed@5cc7c2a6]" name="logout" is-config="true" duration-ms="2432" started-at="2016-01-21T13:01:33Z" finished-at="2016-01-21T13:01:35Z">
          <reporter-output>
          </reporter-output>
        </test-method> <!-- logout -->
      </class> <!-- db.tests.IsSessionClosed -->
    </test> <!-- Test001 -->
  </suite> <!-- Suite1 -->
</testng-results>
