<?xml version="1.0" encoding="UTF-8"?>
<testng-results skipped="0" failed="1" total="3" passed="2">
  <reporter-output>
  </reporter-output>
  <suite name="Suite1" duration-ms="41056" started-at="2016-04-08T07:25:26Z" finished-at="2016-04-08T07:26:07Z">
    <groups>
    </groups>
    <test name="OpenWeb" duration-ms="41056" started-at="2016-04-08T07:25:26Z" finished-at="2016-04-08T07:26:07Z">
      <class name="db.tests.allWeb.OpenContainerPage">
        <test-method status="PASS" signature="openContainerPage()[pri:0, instance:db.tests.allWeb.OpenContainerPage@433ffad1]" name="openContainerPage" duration-ms="12500" started-at="2016-04-08T10:25:43Z" finished-at="2016-04-08T10:25:56Z">
          <reporter-output>
          </reporter-output>
        </test-method> <!-- openContainerPage -->
      </class> <!-- db.tests.allWeb.OpenContainerPage -->
      <class name="db.tests.PRICE.ContainerOperationLoadingExecuition">
        <test-method status="FAIL" signature="openContainerPage()[pri:0, instance:db.tests.PRICE.ContainerOperationLoadingExecuition@1fc793c2]" name="openContainerPage" duration-ms="11453" started-at="2016-04-08T10:25:56Z" finished-at="2016-04-08T10:26:07Z">
          <exception class="java.lang.NullPointerException">
            <full-stacktrace>
              <![CDATA[java.lang.NullPointerException
	at db.tests.PRICE.ContainerOperationLoadingExecuition.openContainerPage(ContainerOperationLoadingExecuition.java:24)
	at sun.reflect.NativeMethodAccessorImpl.invoke0(Native Method)
	at sun.reflect.NativeMethodAccessorImpl.invoke(NativeMethodAccessorImpl.java:62)
	at sun.reflect.DelegatingMethodAccessorImpl.invoke(DelegatingMethodAccessorImpl.java:43)
	at java.lang.reflect.Method.invoke(Method.java:497)
	at org.testng.internal.MethodInvocationHelper.invokeMethod(MethodInvocationHelper.java:86)
	at org.testng.internal.Invoker.invokeMethod(Invoker.java:643)
	at org.testng.internal.Invoker.invokeTestMethod(Invoker.java:820)
	at org.testng.internal.Invoker.invokeTestMethods(Invoker.java:1128)
	at org.testng.internal.TestMethodWorker.invokeTestMethods(TestMethodWorker.java:129)
	at org.testng.internal.TestMethodWorker.run(TestMethodWorker.java:112)
	at org.testng.TestRunner.privateRun(TestRunner.java:782)
	at org.testng.TestRunner.run(TestRunner.java:632)
	at org.testng.SuiteRunner.runTest(SuiteRunner.java:366)
	at org.testng.SuiteRunner.runSequentially(SuiteRunner.java:361)
	at org.testng.SuiteRunner.privateRun(SuiteRunner.java:319)
	at org.testng.SuiteRunner.run(SuiteRunner.java:268)
	at org.testng.SuiteRunnerWorker.runSuite(SuiteRunnerWorker.java:52)
	at org.testng.SuiteRunnerWorker.run(SuiteRunnerWorker.java:86)
	at org.testng.TestNG.runSuitesSequentially(TestNG.java:1244)
	at org.testng.TestNG.runSuitesLocally(TestNG.java:1169)
	at org.testng.TestNG.run(TestNG.java:1064)
	at org.testng.remote.RemoteTestNG.run(RemoteTestNG.java:113)
	at org.testng.remote.RemoteTestNG.initAndRun(RemoteTestNG.java:206)
	at org.testng.remote.RemoteTestNG.main(RemoteTestNG.java:177)
]]>
            </full-stacktrace>
          </exception> <!-- java.lang.NullPointerException -->
          <reporter-output>
          </reporter-output>
        </test-method> <!-- openContainerPage -->
      </class> <!-- db.tests.PRICE.ContainerOperationLoadingExecuition -->
      <class name="db.tests.allWeb.OpenAllWeb">
        <test-method status="PASS" signature="openWeb()[pri:0, instance:db.tests.allWeb.OpenAllWeb@324dcd31]" name="openWeb" duration-ms="17084" started-at="2016-04-08T10:25:26Z" finished-at="2016-04-08T10:25:43Z">
          <reporter-output>
          </reporter-output>
        </test-method> <!-- openWeb -->
      </class> <!-- db.tests.allWeb.OpenAllWeb -->
    </test> <!-- OpenWeb -->
  </suite> <!-- Suite1 -->
</testng-results>
