<?xml version="1.0" encoding="UTF-8"?>
<testng-results skipped="0" failed="0" total="2" passed="2">
  <reporter-output>
  </reporter-output>
  <suite name="Suite1" duration-ms="159853" started-at="2016-05-22T19:57:23Z" finished-at="2016-05-22T20:00:03Z">
    <groups>
    </groups>
    <test name="Test001" duration-ms="159853" started-at="2016-05-22T19:57:23Z" finished-at="2016-05-22T20:00:03Z">
      <class name="db.tests.allWeb.CloseSessionLotes">
        <test-method status="PASS" signature="readAndCloseActiveSession()[pri:0, instance:db.tests.allWeb.CloseSessionLotes@ed8b42]" name="readAndCloseActiveSession" duration-ms="128350" started-at="2016-05-22T22:57:55Z" finished-at="2016-05-22T23:00:03Z">
          <reporter-output>
          </reporter-output>
        </test-method> <!-- readAndCloseActiveSession -->
      </class> <!-- db.tests.allWeb.CloseSessionLotes -->
      <class name="db.tests.allWeb.AOpenAllWeb">
        <test-method status="PASS" signature="openWeb()[pri:0, instance:db.tests.allWeb.AOpenAllWeb@11f667c]" name="openWeb" duration-ms="31488" started-at="2016-05-22T22:57:23Z" finished-at="2016-05-22T22:57:55Z">
          <reporter-output>
          </reporter-output>
        </test-method> <!-- openWeb -->
      </class> <!-- db.tests.allWeb.AOpenAllWeb -->
    </test> <!-- Test001 -->
  </suite> <!-- Suite1 -->
</testng-results>
