<?xml version="1.0" encoding="UTF-8"?>
<testng-results skipped="0" failed="0" total="3" passed="3">
  <reporter-output>
  </reporter-output>
  <suite name="Suite1" duration-ms="25356" started-at="2016-01-21T18:00:01Z" finished-at="2016-01-21T18:00:27Z">
    <groups>
    </groups>
    <test name="22_0444C" duration-ms="3949" started-at="2016-01-21T18:00:01Z" finished-at="2016-01-21T18:00:05Z">
      <class name="db.tests.CheckLastSession">
        <test-method status="PASS" signature="init()[pri:0, instance:db.tests.CheckLastSession@c1c7c4]" name="init" is-config="true" duration-ms="1181" started-at="2016-01-21T21:00:01Z" finished-at="2016-01-21T21:00:02Z">
          <reporter-output>
          </reporter-output>
        </test-method> <!-- init -->
        <test-method status="PASS" signature="testUntitled()[pri:0, instance:db.tests.CheckLastSession@c1c7c4]" name="testUntitled" duration-ms="2760" started-at="2016-01-21T21:00:02Z" finished-at="2016-01-21T21:00:05Z">
          <reporter-output>
          </reporter-output>
        </test-method> <!-- testUntitled -->
        <test-method status="PASS" signature="stop()[pri:0, instance:db.tests.CheckLastSession@c1c7c4]" name="stop" is-config="true" duration-ms="0" started-at="2016-01-21T21:00:05Z" finished-at="2016-01-21T21:00:05Z">
          <reporter-output>
          </reporter-output>
        </test-method> <!-- stop -->
      </class> <!-- db.tests.CheckLastSession -->
    </test> <!-- 22_0444C -->
    <test name="22_0444O" duration-ms="19256" started-at="2016-01-21T18:00:05Z" finished-at="2016-01-21T18:00:24Z">
      <class name="db.tests.OpenSession">
        <test-method status="PASS" signature="init()[pri:0, instance:db.tests.OpenSession@1841d38]" name="init" is-config="true" duration-ms="806" started-at="2016-01-21T21:00:05Z" finished-at="2016-01-21T21:00:06Z">
          <reporter-output>
          </reporter-output>
        </test-method> <!-- init -->
        <test-method status="PASS" signature="testUntitled()[pri:0, instance:db.tests.OpenSession@1841d38]" name="testUntitled" duration-ms="18447" started-at="2016-01-21T21:00:06Z" finished-at="2016-01-21T21:00:24Z">
          <reporter-output>
          </reporter-output>
        </test-method> <!-- testUntitled -->
        <test-method status="PASS" signature="stop()[pri:0, instance:db.tests.OpenSession@1841d38]" name="stop" is-config="true" duration-ms="0" started-at="2016-01-21T21:00:24Z" finished-at="2016-01-21T21:00:24Z">
          <reporter-output>
          </reporter-output>
        </test-method> <!-- stop -->
      </class> <!-- db.tests.OpenSession -->
    </test> <!-- 22_0444O -->
    <test name="22_0444Cl" duration-ms="2137" started-at="2016-01-21T18:00:24Z" finished-at="2016-01-21T18:00:27Z">
      <class name="db.tests.CloseSession">
        <test-method status="PASS" signature="login()[pri:0, instance:db.tests.CloseSession@1c6f01d]" name="login" is-config="true" duration-ms="24215" started-at="2016-01-21T20:59:37Z" finished-at="2016-01-21T21:00:01Z">
          <reporter-output>
          </reporter-output>
        </test-method> <!-- login -->
        <test-method status="PASS" signature="init()[pri:0, instance:db.tests.CloseSession@1c6f01d]" name="init" is-config="true" duration-ms="960" started-at="2016-01-21T21:00:24Z" finished-at="2016-01-21T21:00:25Z">
          <reporter-output>
          </reporter-output>
        </test-method> <!-- init -->
        <test-method status="PASS" signature="testUntitled()[pri:0, instance:db.tests.CloseSession@1c6f01d]" name="testUntitled" duration-ms="1174" started-at="2016-01-21T21:00:25Z" finished-at="2016-01-21T21:00:27Z">
          <reporter-output>
          </reporter-output>
        </test-method> <!-- testUntitled -->
        <test-method status="PASS" signature="stop()[pri:0, instance:db.tests.CloseSession@1c6f01d]" name="stop" is-config="true" duration-ms="1" started-at="2016-01-21T21:00:27Z" finished-at="2016-01-21T21:00:27Z">
          <reporter-output>
          </reporter-output>
        </test-method> <!-- stop -->
        <test-method status="PASS" signature="logout()[pri:0, instance:db.tests.CloseSession@1c6f01d]" name="logout" is-config="true" duration-ms="3547" started-at="2016-01-21T21:00:27Z" finished-at="2016-01-21T21:00:30Z">
          <reporter-output>
          </reporter-output>
        </test-method> <!-- logout -->
      </class> <!-- db.tests.CloseSession -->
    </test> <!-- 22_0444Cl -->
  </suite> <!-- Suite1 -->
</testng-results>
