<?xml version="1.0" encoding="UTF-8"?>
<testng-results skipped="0" failed="0" total="3" passed="3">
  <reporter-output>
  </reporter-output>
  <suite name="Suite1" duration-ms="45171" started-at="2016-06-28T12:03:47Z" finished-at="2016-06-28T12:04:32Z">
    <groups>
    </groups>
    <test name="Test001" duration-ms="45171" started-at="2016-06-28T12:03:47Z" finished-at="2016-06-28T12:04:32Z">
      <class name="db.tests.PRICE.IncomingValidation">
        <test-method status="PASS" signature="aReadFilesId()[pri:0, instance:db.tests.PRICE.IncomingValidation@5fe94a96]" name="aReadFilesId" duration-ms="4707" started-at="2016-06-28T15:03:47Z" finished-at="2016-06-28T15:03:52Z">
          <reporter-output>
          </reporter-output>
        </test-method> <!-- aReadFilesId -->
        <test-method status="PASS" signature="bCompareRecorsCount()[pri:0, instance:db.tests.PRICE.IncomingValidation@5fe94a96]" name="bCompareRecorsCount" duration-ms="1748" started-at="2016-06-28T15:03:52Z" finished-at="2016-06-28T15:03:53Z">
          <reporter-output>
          </reporter-output>
        </test-method> <!-- bCompareRecorsCount -->
        <test-method status="PASS" signature="cCheckTotalsCalculation()[pri:0, instance:db.tests.PRICE.IncomingValidation@5fe94a96]" name="cCheckTotalsCalculation" duration-ms="38699" started-at="2016-06-28T15:03:53Z" finished-at="2016-06-28T15:04:32Z">
          <reporter-output>
          </reporter-output>
        </test-method> <!-- cCheckTotalsCalculation -->
      </class> <!-- db.tests.PRICE.IncomingValidation -->
    </test> <!-- Test001 -->
  </suite> <!-- Suite1 -->
</testng-results>
