<?xml version="1.0" encoding="UTF-8"?>
<testng-results skipped="0" failed="0" total="3" passed="3">
  <reporter-output>
  </reporter-output>
  <suite name="Suite1" duration-ms="75015" started-at="2016-04-20T13:22:25Z" finished-at="2016-04-20T13:23:40Z">
    <groups>
    </groups>
    <test name="Test001" duration-ms="75015" started-at="2016-04-20T13:22:25Z" finished-at="2016-04-20T13:23:40Z">
      <class name="db.tests.PRICE.IOOperationsPrice">
        <test-method status="PASS" signature="aOpenContainerPage()[pri:0, instance:db.tests.PRICE.IOOperationsPrice@174d20a]" name="aOpenContainerPage" duration-ms="22041" started-at="2016-04-20T16:22:45Z" finished-at="2016-04-20T16:23:07Z">
          <reporter-output>
          </reporter-output>
        </test-method> <!-- aOpenContainerPage -->
        <test-method status="PASS" signature="dDisplayingErrorsOfMessages()[pri:0, instance:db.tests.PRICE.IOOperationsPrice@174d20a]" name="dDisplayingErrorsOfMessages" duration-ms="33150" started-at="2016-04-20T16:23:07Z" finished-at="2016-04-20T16:23:40Z">
          <reporter-output>
          </reporter-output>
        </test-method> <!-- dDisplayingErrorsOfMessages -->
      </class> <!-- db.tests.PRICE.IOOperationsPrice -->
      <class name="db.tests.allWeb.OpenAllWeb">
        <test-method status="PASS" signature="openWeb()[pri:0, instance:db.tests.allWeb.OpenAllWeb@6ea12c19]" name="openWeb" duration-ms="19804" started-at="2016-04-20T16:22:25Z" finished-at="2016-04-20T16:22:45Z">
          <reporter-output>
          </reporter-output>
        </test-method> <!-- openWeb -->
      </class> <!-- db.tests.allWeb.OpenAllWeb -->
    </test> <!-- Test001 -->
  </suite> <!-- Suite1 -->
</testng-results>
