<?xml version="1.0" encoding="UTF-8"?>
<testng-results skipped="0" failed="0" total="3" passed="3">
  <reporter-output>
  </reporter-output>
  <suite name="Suite1" duration-ms="53834" started-at="2016-04-08T13:07:02Z" finished-at="2016-04-08T13:07:55Z">
    <groups>
    </groups>
    <test name="OpenWeb" duration-ms="53834" started-at="2016-04-08T13:07:02Z" finished-at="2016-04-08T13:07:55Z">
      <class name="db.tests.allWeb.OpenContainerPage">
        <test-method status="PASS" signature="openContainerPage()[pri:0, instance:db.tests.allWeb.OpenContainerPage@332796d3]" name="openContainerPage" duration-ms="14680" started-at="2016-04-08T16:07:26Z" finished-at="2016-04-08T16:07:40Z">
          <reporter-output>
          </reporter-output>
        </test-method> <!-- openContainerPage -->
      </class> <!-- db.tests.allWeb.OpenContainerPage -->
      <class name="db.tests.allWeb.OpenAllWeb">
        <test-method status="PASS" signature="openWeb()[pri:0, instance:db.tests.allWeb.OpenAllWeb@38089a5a]" name="openWeb" duration-ms="24063" started-at="2016-04-08T16:07:02Z" finished-at="2016-04-08T16:07:26Z">
          <reporter-output>
          </reporter-output>
        </test-method> <!-- openWeb -->
      </class> <!-- db.tests.allWeb.OpenAllWeb -->
      <class name="db.tests.PRICE.ContainerOperationLoadingExecuition">
        <test-method status="PASS" signature="openContainerPage()[pri:0, instance:db.tests.PRICE.ContainerOperationLoadingExecuition@4f0100a7]" name="openContainerPage" duration-ms="15075" started-at="2016-04-08T16:07:40Z" finished-at="2016-04-08T16:07:55Z">
          <reporter-output>
          </reporter-output>
        </test-method> <!-- openContainerPage -->
      </class> <!-- db.tests.PRICE.ContainerOperationLoadingExecuition -->
    </test> <!-- OpenWeb -->
  </suite> <!-- Suite1 -->
</testng-results>
