<?xml version="1.0" encoding="UTF-8"?>
<testng-results skipped="0" failed="0" total="2" passed="2">
  <reporter-output>
  </reporter-output>
  <suite name="Suite1" duration-ms="8022" started-at="2016-04-12T12:56:16Z" finished-at="2016-04-12T12:56:24Z">
    <groups>
    </groups>
    <test name="Test001" duration-ms="8022" started-at="2016-04-12T12:56:16Z" finished-at="2016-04-12T12:56:24Z">
      <class name="db.tests.PRICE.IncomingValidation">
        <test-method status="PASS" signature="checkFilePreferences()[pri:0, instance:db.tests.PRICE.IncomingValidation@663411de]" name="checkFilePreferences" duration-ms="3004" started-at="2016-04-12T15:56:16Z" finished-at="2016-04-12T15:56:19Z">
          <reporter-output>
          </reporter-output>
        </test-method> <!-- checkFilePreferences -->
        <test-method status="PASS" signature="checkTotalsCalculation()[pri:0, instance:db.tests.PRICE.IncomingValidation@663411de]" name="checkTotalsCalculation" duration-ms="5006" started-at="2016-04-12T15:56:19Z" finished-at="2016-04-12T15:56:24Z">
          <reporter-output>
          </reporter-output>
        </test-method> <!-- checkTotalsCalculation -->
      </class> <!-- db.tests.PRICE.IncomingValidation -->
    </test> <!-- Test001 -->
  </suite> <!-- Suite1 -->
</testng-results>
