<?xml version="1.0" encoding="UTF-8"?>
<testng-results skipped="0" failed="1" total="3" passed="2">
  <reporter-output>
  </reporter-output>
  <suite name="Suite1" duration-ms="8257" started-at="2016-06-21T13:18:13Z" finished-at="2016-06-21T13:18:21Z">
    <groups>
    </groups>
    <test name="Test001" duration-ms="8257" started-at="2016-06-21T13:18:13Z" finished-at="2016-06-21T13:18:21Z">
      <class name="db.tests.PRICE.IncomingValidation">
        <test-method status="PASS" signature="aReadFilesId()[pri:0, instance:db.tests.PRICE.IncomingValidation@6e521c1e]" name="aReadFilesId" duration-ms="3431" started-at="2016-06-21T16:18:13Z" finished-at="2016-06-21T16:18:16Z">
          <reporter-output>
          </reporter-output>
        </test-method> <!-- aReadFilesId -->
        <test-method status="PASS" signature="bCompareRecorsCount()[pri:0, instance:db.tests.PRICE.IncomingValidation@6e521c1e]" name="bCompareRecorsCount" duration-ms="1280" started-at="2016-06-21T16:18:16Z" finished-at="2016-06-21T16:18:17Z">
          <reporter-output>
          </reporter-output>
        </test-method> <!-- bCompareRecorsCount -->
        <test-method status="FAIL" signature="cCheckTotalsCalculation()[pri:0, instance:db.tests.PRICE.IncomingValidation@6e521c1e]" name="cCheckTotalsCalculation" duration-ms="3512" started-at="2016-06-21T16:18:17Z" finished-at="2016-06-21T16:18:21Z">
          <exception class="java.lang.ClassCastException">
            <message>
              <![CDATA[java.lang.Long cannot be cast to com.danco.bpc.entity.PRICE.PrcMessages]]>
            </message>
            <full-stacktrace>
              <![CDATA[java.lang.ClassCastException: java.lang.Long cannot be cast to com.danco.bpc.entity.PRICE.PrcMessages
	at com.danco.bpc.applogicDB.PriceHelper.messageFlagsSearch(PriceHelper.java:386)
	at db.tests.PRICE.IncomingValidation.cCheckTotalsCalculation(IncomingValidation.java:44)
	at sun.reflect.NativeMethodAccessorImpl.invoke0(Native Method)
	at sun.reflect.NativeMethodAccessorImpl.invoke(Unknown Source)
	at sun.reflect.DelegatingMethodAccessorImpl.invoke(Unknown Source)
	at java.lang.reflect.Method.invoke(Unknown Source)
	at org.testng.internal.MethodInvocationHelper.invokeMethod(MethodInvocationHelper.java:86)
	at org.testng.internal.Invoker.invokeMethod(Invoker.java:643)
	at org.testng.internal.Invoker.invokeTestMethod(Invoker.java:820)
	at org.testng.internal.Invoker.invokeTestMethods(Invoker.java:1128)
	at org.testng.internal.TestMethodWorker.invokeTestMethods(TestMethodWorker.java:129)
	at org.testng.internal.TestMethodWorker.run(TestMethodWorker.java:112)
	at org.testng.TestRunner.privateRun(TestRunner.java:782)
	at org.testng.TestRunner.run(TestRunner.java:632)
	at org.testng.SuiteRunner.runTest(SuiteRunner.java:366)
	at org.testng.SuiteRunner.runSequentially(SuiteRunner.java:361)
	at org.testng.SuiteRunner.privateRun(SuiteRunner.java:319)
	at org.testng.SuiteRunner.run(SuiteRunner.java:268)
	at org.testng.SuiteRunnerWorker.runSuite(SuiteRunnerWorker.java:52)
	at org.testng.SuiteRunnerWorker.run(SuiteRunnerWorker.java:86)
	at org.testng.TestNG.runSuitesSequentially(TestNG.java:1244)
	at org.testng.TestNG.runSuitesLocally(TestNG.java:1169)
	at org.testng.TestNG.run(TestNG.java:1064)
	at org.testng.remote.RemoteTestNG.run(RemoteTestNG.java:113)
	at org.testng.remote.RemoteTestNG.initAndRun(RemoteTestNG.java:206)
	at org.testng.remote.RemoteTestNG.main(RemoteTestNG.java:177)
]]>
            </full-stacktrace>
          </exception> <!-- java.lang.ClassCastException -->
          <reporter-output>
          </reporter-output>
        </test-method> <!-- cCheckTotalsCalculation -->
      </class> <!-- db.tests.PRICE.IncomingValidation -->
    </test> <!-- Test001 -->
  </suite> <!-- Suite1 -->
</testng-results>
