<?xml version="1.0" encoding="UTF-8"?>
<testng-results skipped="0" failed="0" total="2" passed="2">
  <reporter-output>
  </reporter-output>
  <suite name="Suite1" duration-ms="164904" started-at="2016-05-03T13:23:50Z" finished-at="2016-05-03T13:26:35Z">
    <groups>
    </groups>
    <test name="Test001" duration-ms="164904" started-at="2016-05-03T13:23:50Z" finished-at="2016-05-03T13:26:35Z">
      <class name="db.tests.allWeb.CloseSessionLotes">
        <test-method status="PASS" signature="readAndCloseActiveSession()[pri:0, instance:db.tests.allWeb.CloseSessionLotes@396e2f39]" name="readAndCloseActiveSession" duration-ms="153882" started-at="2016-05-03T16:24:01Z" finished-at="2016-05-03T16:26:35Z">
          <reporter-output>
          </reporter-output>
        </test-method> <!-- readAndCloseActiveSession -->
      </class> <!-- db.tests.allWeb.CloseSessionLotes -->
      <class name="db.tests.allWeb.AOpenAllWeb">
        <test-method status="PASS" signature="openWeb()[pri:0, instance:db.tests.allWeb.AOpenAllWeb@3891771e]" name="openWeb" duration-ms="11009" started-at="2016-05-03T16:23:50Z" finished-at="2016-05-03T16:24:01Z">
          <reporter-output>
          </reporter-output>
        </test-method> <!-- openWeb -->
      </class> <!-- db.tests.allWeb.AOpenAllWeb -->
    </test> <!-- Test001 -->
  </suite> <!-- Suite1 -->
</testng-results>
